Build started 2016-06-13 13:12:24.
     1>Project "C:\Users\Katarzyna\Dropbox\Magisterskie\16L\PROE\ListAndGui\Project3\Project3\Project3.vcxproj" on node 2 (Build target(s)).
     1>C:\Program Files (x86)\MSBuild\Microsoft.Cpp\v4.0\V120\Microsoft.CppBuild.targets(935,5): warning MSB8027: Two or more files with the name of moc_appviewer.cpp will produce outputs to the same location. This can lead to an incorrect build result.  The files involved are GeneratedFiles\Debug\moc_appviewer.cpp, GeneratedFiles\Release\moc_appviewer.cpp.
     1>ClCompile:
         C:\Program Files (x86)\Microsoft Visual Studio 12.0\VC\bin\CL.exe /c /IC:\Qt\Qt5.6.0\5.6\msvc2013\include\QtCore /I.\GeneratedFiles /I. /IC:\Qt\Qt5.6.0\5.6\msvc2013\include /I.\GeneratedFiles\Debug /IC:\Qt\Qt5.6.0\5.6\msvc2013\include\QtCore /IC:\Qt\Qt5.6.0\5.6\msvc2013\include\QtGui /IC:\Qt\Qt5.6.0\5.6\msvc2013\include\QtWidgets /Zi /nologo /W1 /WX- /Od /Oy- /D UNICODE /D WIN32 /D WIN64 /D QT_DLL /D QT_CORE_LIB /D QT_GUI_LIB /D QT_WIDGETS_LIB /Gm- /EHsc /MDd /GS /fp:precise /Zc:wchar_t /Zc:forScope /Fo"Debug\\" /Fd"Debug\vc120.pdb" /Gd /TP /analyze- /errorReport:prompt appviewer.cpp
         appviewer.cpp
         C:\Program Files (x86)\Microsoft Visual Studio 12.0\VC\bin\CL.exe /c /IC:\Qt\Qt5.6.0\5.6\msvc2013\include\QtCore /I.\GeneratedFiles /I. /IC:\Qt\Qt5.6.0\5.6\msvc2013\include /I.\GeneratedFiles\Debug /IC:\Qt\Qt5.6.0\5.6\msvc2013\include\QtCore /IC:\Qt\Qt5.6.0\5.6\msvc2013\include\QtGui /IC:\Qt\Qt5.6.0\5.6\msvc2013\include\QtWidgets /Zi /nologo /W1 /WX- /Od /Oy- /D UNICODE /D WIN32 /D WIN64 /D QT_DLL /D QT_CORE_LIB /D QT_GUI_LIB /D QT_WIDGETS_LIB /Gm- /EHsc /MDd /GS /fp:precise /Zc:wchar_t /Zc:forScope /Fo"Debug\\" /Fd"Debug\vc120.pdb" /Gd /TP /analyze- /errorReport:prompt GeneratedFiles\qrc_appviewer.cpp
         qrc_appviewer.cpp
         C:\Program Files (x86)\Microsoft Visual Studio 12.0\VC\bin\CL.exe /c /IC:\Qt\Qt5.6.0\5.6\msvc2013\include /IC:\Qt\Qt5.6.0\5.6\msvc2013\include\QtCore /I.\GeneratedFiles /I. /IC:\Qt\Qt5.6.0\5.6\msvc2013\include /I.\GeneratedFiles\Debug /IC:\Qt\Qt5.6.0\5.6\msvc2013\include\QtCore /IC:\Qt\Qt5.6.0\5.6\msvc2013\include\QtGui /IC:\Qt\Qt5.6.0\5.6\msvc2013\include\QtWidgets /Zi /nologo /W1 /WX- /Od /Oy- /D UNICODE /D WIN32 /D WIN64 /D QT_DLL /D QT_CORE_LIB /D QT_GUI_LIB /D QT_WIDGETS_LIB /Gm- /EHsc /MDd /GS /fp:precise /Zc:wchar_t /Zc:forScope /Fo"Debug\\" /Fd"Debug\vc120.pdb" /Gd /TP /analyze- /errorReport:prompt main.cpp
         main.cpp
       Link:
         C:\Program Files (x86)\Microsoft Visual Studio 12.0\VC\bin\link.exe /ERRORREPORT:PROMPT /OUT:"C:\Users\Katarzyna\Dropbox\Magisterskie\16L\PROE\ListAndGui\Project3\Win32\Debug\\Project3.exe" /NOLOGO /LIBPATH:C:\Qt\Qt5.6.0\5.6\msvc2013\lib qtmaind.lib Qt5Cored.lib Qt5Guid.lib Qt5Widgetsd.lib kernel32.lib user32.lib gdi32.lib winspool.lib comdlg32.lib advapi32.lib shell32.lib ole32.lib oleaut32.lib uuid.lib odbc32.lib odbccp32.lib /MANIFEST /MANIFESTUAC:"level='asInvoker' uiAccess='false'" /manifest:embed /DEBUG /PDB:"C:\Users\Katarzyna\Dropbox\Magisterskie\16L\PROE\ListAndGui\Project3\Win32\Debug\Project3.pdb" /SUBSYSTEM:WINDOWS /TLBID:1 /DYNAMICBASE /NXCOMPAT /IMPLIB:"C:\Users\Katarzyna\Dropbox\Magisterskie\16L\PROE\ListAndGui\Project3\Win32\Debug\Project3.lib" /MACHINE:X86 /SAFESEH Debug\appmodel.obj
         Debug\appviewer.obj
         Debug\beautystudio.obj
         Debug\clinic.obj
         Debug\moc_appviewer.obj
         Debug\qrc_appviewer.obj
         Debug\healthcareunit.obj
         Debug\main.obj
         Debug\nailartsaloon.obj
         Project3.vcxproj -> C:\Users\Katarzyna\Dropbox\Magisterskie\16L\PROE\ListAndGui\Project3\Win32\Debug\Project3.exe
     1>Done Building Project "C:\Users\Katarzyna\Dropbox\Magisterskie\16L\PROE\ListAndGui\Project3\Project3\Project3.vcxproj" (Build target(s)).

Build succeeded.

Time Elapsed 00:00:06.69
